[0.683s] Invoking command in '/home/tunotuno/robocon_ws/src/joy_communication': PYTHONPATH=/home/tunotuno/robocon_ws/src/build/joy_communication/prefix_override:/usr/lib/python3/dist-packages/colcon_core/task/python/colcon_distutils_commands:/home/tunotuno/robocon_ws/src/install/joy_communication/lib/python3.10/site-packages:${PYTHONPATH} /usr/bin/python3 -W ignore:setup.py install is deprecated -W ignore:easy_install command is deprecated setup.py egg_info --egg-base ../build/joy_communication build --build-base /home/tunotuno/robocon_ws/src/build/joy_communication/build install --record /home/tunotuno/robocon_ws/src/build/joy_communication/install.log --single-version-externally-managed install_data
[0.871s] running egg_info
[0.871s] writing ../build/joy_communication/joy_communication.egg-info/PKG-INFO
[0.871s] writing dependency_links to ../build/joy_communication/joy_communication.egg-info/dependency_links.txt
[0.871s] writing entry points to ../build/joy_communication/joy_communication.egg-info/entry_points.txt
[0.872s] writing requirements to ../build/joy_communication/joy_communication.egg-info/requires.txt
[0.872s] writing top-level names to ../build/joy_communication/joy_communication.egg-info/top_level.txt
[0.872s] reading manifest file '../build/joy_communication/joy_communication.egg-info/SOURCES.txt'
[0.873s] writing manifest file '../build/joy_communication/joy_communication.egg-info/SOURCES.txt'
[0.873s] running build
[0.873s] running build_py
[0.874s] running install
[0.874s] running install_lib
[0.876s] running install_data
[0.876s] running install_egg_info
[0.877s] removing '/home/tunotuno/robocon_ws/src/install/joy_communication/lib/python3.10/site-packages/joy_communication-0.0.0-py3.10.egg-info' (and everything under it)
[0.878s] Copying ../build/joy_communication/joy_communication.egg-info to /home/tunotuno/robocon_ws/src/install/joy_communication/lib/python3.10/site-packages/joy_communication-0.0.0-py3.10.egg-info
[0.879s] running install_scripts
[0.897s] Installing joy_publisher script to /home/tunotuno/robocon_ws/src/install/joy_communication/lib/joy_communication
[0.897s] Installing joy_subscriber script to /home/tunotuno/robocon_ws/src/install/joy_communication/lib/joy_communication
[0.897s] writing list of installed files to '/home/tunotuno/robocon_ws/src/build/joy_communication/install.log'
[0.922s] Invoked command in '/home/tunotuno/robocon_ws/src/joy_communication' returned '0': PYTHONPATH=/home/tunotuno/robocon_ws/src/build/joy_communication/prefix_override:/usr/lib/python3/dist-packages/colcon_core/task/python/colcon_distutils_commands:/home/tunotuno/robocon_ws/src/install/joy_communication/lib/python3.10/site-packages:${PYTHONPATH} /usr/bin/python3 -W ignore:setup.py install is deprecated -W ignore:easy_install command is deprecated setup.py egg_info --egg-base ../build/joy_communication build --build-base /home/tunotuno/robocon_ws/src/build/joy_communication/build install --record /home/tunotuno/robocon_ws/src/build/joy_communication/install.log --single-version-externally-managed install_data
