[1.517s] Invoking command in '/home/tunotuno/robocon_ws/src/joy_communication': PYTHONPATH=/home/tunotuno/robocon_ws/build/joy_communication/prefix_override:/usr/lib/python3/dist-packages/colcon_core/task/python/colcon_distutils_commands:/home/tunotuno/robocon_ws/install/joy_communication/lib/python3.10/site-packages:${PYTHONPATH} /usr/bin/python3 -W ignore:setup.py install is deprecated -W ignore:easy_install command is deprecated setup.py egg_info --egg-base ../../build/joy_communication build --build-base /home/tunotuno/robocon_ws/build/joy_communication/build install --record /home/tunotuno/robocon_ws/build/joy_communication/install.log --single-version-externally-managed install_data
[1.999s] running egg_info
[2.000s] writing ../../build/joy_communication/joy_communication.egg-info/PKG-INFO
[2.001s] writing dependency_links to ../../build/joy_communication/joy_communication.egg-info/dependency_links.txt
[2.001s] writing entry points to ../../build/joy_communication/joy_communication.egg-info/entry_points.txt
[2.001s] writing requirements to ../../build/joy_communication/joy_communication.egg-info/requires.txt
[2.002s] writing top-level names to ../../build/joy_communication/joy_communication.egg-info/top_level.txt
[2.005s] reading manifest file '../../build/joy_communication/joy_communication.egg-info/SOURCES.txt'
[2.007s] writing manifest file '../../build/joy_communication/joy_communication.egg-info/SOURCES.txt'
[2.007s] running build
[2.008s] running build_py
[2.008s] running install
[2.009s] running install_lib
[2.011s] running install_data
[2.011s] running install_egg_info
[2.014s] removing '/home/tunotuno/robocon_ws/install/joy_communication/lib/python3.10/site-packages/joy_communication-0.0.0-py3.10.egg-info' (and everything under it)
[2.014s] Copying ../../build/joy_communication/joy_communication.egg-info to /home/tunotuno/robocon_ws/install/joy_communication/lib/python3.10/site-packages/joy_communication-0.0.0-py3.10.egg-info
[2.016s] running install_scripts
[2.081s] Installing joy_publisher script to /home/tunotuno/robocon_ws/install/joy_communication/lib/joy_communication
[2.082s] Installing joy_subscriber script to /home/tunotuno/robocon_ws/install/joy_communication/lib/joy_communication
[2.082s] writing list of installed files to '/home/tunotuno/robocon_ws/build/joy_communication/install.log'
[2.143s] Invoked command in '/home/tunotuno/robocon_ws/src/joy_communication' returned '0': PYTHONPATH=/home/tunotuno/robocon_ws/build/joy_communication/prefix_override:/usr/lib/python3/dist-packages/colcon_core/task/python/colcon_distutils_commands:/home/tunotuno/robocon_ws/install/joy_communication/lib/python3.10/site-packages:${PYTHONPATH} /usr/bin/python3 -W ignore:setup.py install is deprecated -W ignore:easy_install command is deprecated setup.py egg_info --egg-base ../../build/joy_communication build --build-base /home/tunotuno/robocon_ws/build/joy_communication/build install --record /home/tunotuno/robocon_ws/build/joy_communication/install.log --single-version-externally-managed install_data
