[0.501s] Invoking command in '/home/tunotuno/robocon_ws/src/joy_communication': PYTHONPATH=/home/tunotuno/robocon_ws/build/joy_communication/prefix_override:/usr/lib/python3/dist-packages/colcon_core/task/python/colcon_distutils_commands:/home/tunotuno/robocon_ws/install/joy_communication/lib/python3.10/site-packages:${PYTHONPATH} /usr/bin/python3 -W ignore:setup.py install is deprecated -W ignore:easy_install command is deprecated setup.py egg_info --egg-base ../../build/joy_communication build --build-base /home/tunotuno/robocon_ws/build/joy_communication/build install --record /home/tunotuno/robocon_ws/build/joy_communication/install.log --single-version-externally-managed install_data
[0.678s] running egg_info
[0.679s] writing ../../build/joy_communication/joy_communication.egg-info/PKG-INFO
[0.679s] writing dependency_links to ../../build/joy_communication/joy_communication.egg-info/dependency_links.txt
[0.679s] writing entry points to ../../build/joy_communication/joy_communication.egg-info/entry_points.txt
[0.679s] writing requirements to ../../build/joy_communication/joy_communication.egg-info/requires.txt
[0.679s] writing top-level names to ../../build/joy_communication/joy_communication.egg-info/top_level.txt
[0.681s] reading manifest file '../../build/joy_communication/joy_communication.egg-info/SOURCES.txt'
[0.682s] writing manifest file '../../build/joy_communication/joy_communication.egg-info/SOURCES.txt'
[0.682s] running build
[0.682s] running build_py
[0.682s] running install
[0.682s] running install_lib
[0.683s] running install_data
[0.683s] running install_egg_info
[0.685s] removing '/home/tunotuno/robocon_ws/install/joy_communication/lib/python3.10/site-packages/joy_communication-0.0.0-py3.10.egg-info' (and everything under it)
[0.685s] Copying ../../build/joy_communication/joy_communication.egg-info to /home/tunotuno/robocon_ws/install/joy_communication/lib/python3.10/site-packages/joy_communication-0.0.0-py3.10.egg-info
[0.686s] running install_scripts
[0.703s] Installing joy_publisher script to /home/tunotuno/robocon_ws/install/joy_communication/lib/joy_communication
[0.703s] Installing joy_subscriber script to /home/tunotuno/robocon_ws/install/joy_communication/lib/joy_communication
[0.704s] writing list of installed files to '/home/tunotuno/robocon_ws/build/joy_communication/install.log'
[0.729s] Invoked command in '/home/tunotuno/robocon_ws/src/joy_communication' returned '0': PYTHONPATH=/home/tunotuno/robocon_ws/build/joy_communication/prefix_override:/usr/lib/python3/dist-packages/colcon_core/task/python/colcon_distutils_commands:/home/tunotuno/robocon_ws/install/joy_communication/lib/python3.10/site-packages:${PYTHONPATH} /usr/bin/python3 -W ignore:setup.py install is deprecated -W ignore:easy_install command is deprecated setup.py egg_info --egg-base ../../build/joy_communication build --build-base /home/tunotuno/robocon_ws/build/joy_communication/build install --record /home/tunotuno/robocon_ws/build/joy_communication/install.log --single-version-externally-managed install_data
