[0.837s] Invoking command in '/home/tunotuno/robocon_ws/src/joy_communication': PYTHONPATH=/home/tunotuno/robocon_ws/build/joy_communication/prefix_override:/usr/lib/python3/dist-packages/colcon_core/task/python/colcon_distutils_commands:/home/tunotuno/robocon_ws/install/joy_communication/lib/python3.10/site-packages:${PYTHONPATH} /usr/bin/python3 -W ignore:setup.py install is deprecated -W ignore:easy_install command is deprecated setup.py egg_info --egg-base ../../build/joy_communication build --build-base /home/tunotuno/robocon_ws/build/joy_communication/build install --record /home/tunotuno/robocon_ws/build/joy_communication/install.log --single-version-externally-managed install_data
[1.160s] running egg_info
[1.162s] writing ../../build/joy_communication/joy_communication.egg-info/PKG-INFO
[1.162s] writing dependency_links to ../../build/joy_communication/joy_communication.egg-info/dependency_links.txt
[1.163s] writing entry points to ../../build/joy_communication/joy_communication.egg-info/entry_points.txt
[1.163s] writing requirements to ../../build/joy_communication/joy_communication.egg-info/requires.txt
[1.163s] writing top-level names to ../../build/joy_communication/joy_communication.egg-info/top_level.txt
[1.166s] reading manifest file '../../build/joy_communication/joy_communication.egg-info/SOURCES.txt'
[1.170s] writing manifest file '../../build/joy_communication/joy_communication.egg-info/SOURCES.txt'
[1.171s] running build
[1.171s] running build_py
[1.171s] copying joy_communication/joy_subscriber.py -> /home/tunotuno/robocon_ws/build/joy_communication/build/lib/joy_communication
[1.171s] running install
[1.171s] running install_lib
[1.171s] copying /home/tunotuno/robocon_ws/build/joy_communication/build/lib/joy_communication/joy_subscriber.py -> /home/tunotuno/robocon_ws/install/joy_communication/lib/python3.10/site-packages/joy_communication
[1.174s] byte-compiling /home/tunotuno/robocon_ws/install/joy_communication/lib/python3.10/site-packages/joy_communication/joy_subscriber.py to joy_subscriber.cpython-310.pyc
[1.174s] running install_data
[1.174s] running install_egg_info
[1.175s] removing '/home/tunotuno/robocon_ws/install/joy_communication/lib/python3.10/site-packages/joy_communication-0.0.0-py3.10.egg-info' (and everything under it)
[1.176s] Copying ../../build/joy_communication/joy_communication.egg-info to /home/tunotuno/robocon_ws/install/joy_communication/lib/python3.10/site-packages/joy_communication-0.0.0-py3.10.egg-info
[1.177s] running install_scripts
[1.212s] Installing joy_publisher script to /home/tunotuno/robocon_ws/install/joy_communication/lib/joy_communication
[1.212s] Installing joy_subscriber script to /home/tunotuno/robocon_ws/install/joy_communication/lib/joy_communication
[1.213s] writing list of installed files to '/home/tunotuno/robocon_ws/build/joy_communication/install.log'
[1.295s] Invoked command in '/home/tunotuno/robocon_ws/src/joy_communication' returned '0': PYTHONPATH=/home/tunotuno/robocon_ws/build/joy_communication/prefix_override:/usr/lib/python3/dist-packages/colcon_core/task/python/colcon_distutils_commands:/home/tunotuno/robocon_ws/install/joy_communication/lib/python3.10/site-packages:${PYTHONPATH} /usr/bin/python3 -W ignore:setup.py install is deprecated -W ignore:easy_install command is deprecated setup.py egg_info --egg-base ../../build/joy_communication build --build-base /home/tunotuno/robocon_ws/build/joy_communication/build install --record /home/tunotuno/robocon_ws/build/joy_communication/install.log --single-version-externally-managed install_data
