[0.210s] Invoking command in '/home/tunotuno/robocon_ws/build/joy_package': /usr/bin/cmake /home/tunotuno/robocon_ws/src/joy_package -DCMAKE_INSTALL_PREFIX=/home/tunotuno/robocon_ws/install/joy_package
[0.409s] -- The C compiler identification is GNU 11.4.0
[0.591s] -- The CXX compiler identification is GNU 11.4.0
[0.605s] -- Detecting C compiler ABI info
[0.690s] -- Detecting C compiler ABI info - done
[0.695s] -- Check for working C compiler: /usr/bin/cc - skipped
[0.697s] -- Detecting C compile features
[0.698s] -- Detecting C compile features - done
[0.703s] -- Detecting CXX compiler ABI info
[0.787s] -- Detecting CXX compiler ABI info - done
[0.794s] -- Check for working CXX compiler: /usr/bin/c++ - skipped
[0.794s] -- Detecting CXX compile features
[0.794s] -- Detecting CXX compile features - done
[0.812s] -- Found ament_cmake: 1.3.11 (/opt/ros/humble/share/ament_cmake/cmake)
[0.961s] -- Found Python3: /usr/bin/python3 (found version "3.10.12") found components: Interpreter 
[1.070s] -- Found rclcpp: 16.0.11 (/opt/ros/humble/share/rclcpp/cmake)
[1.152s] -- Found rosidl_generator_c: 3.1.6 (/opt/ros/humble/share/rosidl_generator_c/cmake)
[1.174s] -- Found rosidl_adapter: 3.1.6 (/opt/ros/humble/share/rosidl_adapter/cmake)
[1.190s] -- Found rosidl_generator_cpp: 3.1.6 (/opt/ros/humble/share/rosidl_generator_cpp/cmake)
[1.215s] -- Using all available rosidl_typesupport_c: rosidl_typesupport_fastrtps_c;rosidl_typesupport_introspection_c
[1.240s] -- Using all available rosidl_typesupport_cpp: rosidl_typesupport_fastrtps_cpp;rosidl_typesupport_introspection_cpp
[1.319s] -- Found rmw_implementation_cmake: 6.1.2 (/opt/ros/humble/share/rmw_implementation_cmake/cmake)
[1.324s] -- Found rmw_fastrtps_cpp: 6.2.7 (/opt/ros/humble/share/rmw_fastrtps_cpp/cmake)
[1.445s] -- Found OpenSSL: /usr/lib/x86_64-linux-gnu/libcrypto.so (found version "3.0.2")  
[1.471s] -- Found FastRTPS: /opt/ros/humble/include  
[1.507s] -- Using RMW implementation 'rmw_fastrtps_cpp' as default
[1.521s] -- Looking for pthread.h
[1.615s] -- Looking for pthread.h - found
[1.615s] -- Performing Test CMAKE_HAVE_LIBC_PTHREAD
[1.695s] -- Performing Test CMAKE_HAVE_LIBC_PTHREAD - Success
[1.696s] -- Found Threads: TRUE  
[1.790s] -- Found sensor_msgs: 4.2.4 (/opt/ros/humble/share/sensor_msgs/cmake)
[1.845s] -- Found ament_lint_auto: 0.12.11 (/opt/ros/humble/share/ament_lint_auto/cmake)
[1.885s] Error parsing '/home/tunotuno/robocon_ws/src/joy_package/package.xml':
[1.918s] Traceback (most recent call last):
[1.919s]   File "/opt/ros/humble/share/ament_cmake_core/cmake/core/package_xml_2_cmake.py", line 150, in <module>
[1.919s]     main()
[1.919s]   File "/opt/ros/humble/share/ament_cmake_core/cmake/core/package_xml_2_cmake.py", line 53, in main
[1.919s]     raise e
[1.919s]   File "/opt/ros/humble/share/ament_cmake_core/cmake/core/package_xml_2_cmake.py", line 49, in main
[1.919s]     package = parse_package_string(
[1.919s]   File "/usr/lib/python3/dist-packages/catkin_pkg/package.py", line 788, in parse_package_string
[1.919s]     pkg.validate(warnings=warnings)
[1.920s]   File "/usr/lib/python3/dist-packages/catkin_pkg/package.py", line 330, in validate
[1.920s]     raise InvalidPackage('\n'.join(errors), self.filename)
[1.920s] catkin_pkg.package.InvalidPackage: Error(s) in package '/home/tunotuno/robocon_ws/src/joy_package/package.xml':
[1.920s] Invalid email "tunoda0226" for person "tunotuno"
[1.938s] [31mCMake Error at /opt/ros/humble/share/ament_cmake_core/cmake/core/ament_package_xml.cmake:95 (message):
[1.938s]   execute_process(/usr/bin/python3
[1.939s]   /opt/ros/humble/share/ament_cmake_core/cmake/core/package_xml_2_cmake.py
[1.939s]   /home/tunotuno/robocon_ws/src/joy_package/package.xml
[1.939s]   /home/tunotuno/robocon_ws/build/joy_package/ament_cmake_core/package.cmake)
[1.939s]   returned error code 1
[1.939s] Call Stack (most recent call first):
[1.939s]   /opt/ros/humble/share/ament_cmake_core/cmake/core/ament_package_xml.cmake:49 (_ament_package_xml)
[1.939s]   /opt/ros/humble/share/ament_lint_auto/cmake/ament_lint_auto_find_test_dependencies.cmake:31 (ament_package_xml)
[1.939s]   CMakeLists.txt:40 (ament_lint_auto_find_test_dependencies)
[1.939s] 
[1.939s] [0m
[1.939s] -- Configuring incomplete, errors occurred!
[1.939s] See also "/home/tunotuno/robocon_ws/build/joy_package/CMakeFiles/CMakeOutput.log".
[1.950s] Invoked command in '/home/tunotuno/robocon_ws/build/joy_package' returned '1': /usr/bin/cmake /home/tunotuno/robocon_ws/src/joy_package -DCMAKE_INSTALL_PREFIX=/home/tunotuno/robocon_ws/install/joy_package
