[0.604s] Invoking command in '/home/tunotuno/robocon_ws/build/joy_package': /usr/bin/cmake /home/tunotuno/robocon_ws/src/joy_package -DCMAKE_INSTALL_PREFIX=/home/tunotuno/robocon_ws/install/joy_package
[0.761s] -- Found ament_cmake: 1.3.11 (/opt/ros/humble/share/ament_cmake/cmake)
[1.555s] -- Found rclcpp: 16.0.11 (/opt/ros/humble/share/rclcpp/cmake)
[1.682s] -- Found rosidl_generator_c: 3.1.6 (/opt/ros/humble/share/rosidl_generator_c/cmake)
[1.692s] -- Found rosidl_adapter: 3.1.6 (/opt/ros/humble/share/rosidl_adapter/cmake)
[1.714s] -- Found rosidl_generator_cpp: 3.1.6 (/opt/ros/humble/share/rosidl_generator_cpp/cmake)
[1.758s] -- Using all available rosidl_typesupport_c: rosidl_typesupport_fastrtps_c;rosidl_typesupport_introspection_c
[1.797s] -- Using all available rosidl_typesupport_cpp: rosidl_typesupport_fastrtps_cpp;rosidl_typesupport_introspection_cpp
[1.926s] -- Found rmw_implementation_cmake: 6.1.2 (/opt/ros/humble/share/rmw_implementation_cmake/cmake)
[1.933s] -- Found rmw_fastrtps_cpp: 6.2.7 (/opt/ros/humble/share/rmw_fastrtps_cpp/cmake)
[2.275s] -- Using RMW implementation 'rmw_fastrtps_cpp' as default
[2.578s] -- Found sensor_msgs: 4.2.4 (/opt/ros/humble/share/sensor_msgs/cmake)
[2.696s] -- Found ament_lint_auto: 0.12.11 (/opt/ros/humble/share/ament_lint_auto/cmake)
[2.798s] Error parsing '/home/tunotuno/robocon_ws/src/joy_package/package.xml':
[2.877s] Traceback (most recent call last):
[2.878s]   File "/opt/ros/humble/share/ament_cmake_core/cmake/core/package_xml_2_cmake.py", line 150, in <module>
[2.878s]     main()
[2.878s]   File "/opt/ros/humble/share/ament_cmake_core/cmake/core/package_xml_2_cmake.py", line 53, in main
[2.878s]     raise e
[2.878s]   File "/opt/ros/humble/share/ament_cmake_core/cmake/core/package_xml_2_cmake.py", line 49, in main
[2.878s]     package = parse_package_string(
[2.878s]   File "/usr/lib/python3/dist-packages/catkin_pkg/package.py", line 788, in parse_package_string
[2.941s]     pkg.validate(warnings=warnings)
[2.941s]   File "/usr/lib/python3/dist-packages/catkin_pkg/package.py", line 330, in validate
[2.941s]     raise InvalidPackage('\n'.join(errors), self.filename)
[2.941s] catkin_pkg.package.InvalidPackage: Error(s) in package '/home/tunotuno/robocon_ws/src/joy_package/package.xml':
[2.942s] Invalid email "tunoda0226" for person "tunotuno"
[2.970s] [31mCMake Error at /opt/ros/humble/share/ament_cmake_core/cmake/core/ament_package_xml.cmake:95 (message):
[2.970s]   execute_process(/usr/bin/python3
[2.971s]   /opt/ros/humble/share/ament_cmake_core/cmake/core/package_xml_2_cmake.py
[2.971s]   /home/tunotuno/robocon_ws/src/joy_package/package.xml
[2.971s]   /home/tunotuno/robocon_ws/build/joy_package/ament_cmake_core/package.cmake)
[2.971s]   returned error code 1
[2.971s] Call Stack (most recent call first):
[2.971s]   /opt/ros/humble/share/ament_cmake_core/cmake/core/ament_package_xml.cmake:49 (_ament_package_xml)
[2.971s]   /opt/ros/humble/share/ament_lint_auto/cmake/ament_lint_auto_find_test_dependencies.cmake:31 (ament_package_xml)
[2.971s]   CMakeLists.txt:40 (ament_lint_auto_find_test_dependencies)
[2.971s] 
[2.972s] [0m
[2.972s] -- Configuring incomplete, errors occurred!
[2.972s] See also "/home/tunotuno/robocon_ws/build/joy_package/CMakeFiles/CMakeOutput.log".
[2.984s] Invoked command in '/home/tunotuno/robocon_ws/build/joy_package' returned '1': /usr/bin/cmake /home/tunotuno/robocon_ws/src/joy_package -DCMAKE_INSTALL_PREFIX=/home/tunotuno/robocon_ws/install/joy_package
