[0.468s] Invoking command in '/home/tunotuno/robocon_ws/src/joy_communication': PYTHONPATH=/home/tunotuno/robocon_ws/build/joy_communication/prefix_override:/usr/lib/python3/dist-packages/colcon_core/task/python/colcon_distutils_commands:/home/tunotuno/robocon_ws/install/joy_communication/lib/python3.10/site-packages:${PYTHONPATH} /usr/bin/python3 -W ignore:setup.py install is deprecated -W ignore:easy_install command is deprecated setup.py egg_info --egg-base ../../build/joy_communication build --build-base /home/tunotuno/robocon_ws/build/joy_communication/build install --record /home/tunotuno/robocon_ws/build/joy_communication/install.log --single-version-externally-managed install_data
[0.638s] running egg_info
[0.639s] writing ../../build/joy_communication/joy_communication.egg-info/PKG-INFO
[0.639s] writing dependency_links to ../../build/joy_communication/joy_communication.egg-info/dependency_links.txt
[0.639s] writing entry points to ../../build/joy_communication/joy_communication.egg-info/entry_points.txt
[0.639s] writing requirements to ../../build/joy_communication/joy_communication.egg-info/requires.txt
[0.639s] writing top-level names to ../../build/joy_communication/joy_communication.egg-info/top_level.txt
[0.641s] reading manifest file '../../build/joy_communication/joy_communication.egg-info/SOURCES.txt'
[0.642s] writing manifest file '../../build/joy_communication/joy_communication.egg-info/SOURCES.txt'
[0.642s] running build
[0.642s] running build_py
[0.642s] running install
[0.642s] running install_lib
[0.643s] running install_data
[0.643s] running install_egg_info
[0.644s] removing '/home/tunotuno/robocon_ws/install/joy_communication/lib/python3.10/site-packages/joy_communication-0.0.0-py3.10.egg-info' (and everything under it)
[0.644s] Copying ../../build/joy_communication/joy_communication.egg-info to /home/tunotuno/robocon_ws/install/joy_communication/lib/python3.10/site-packages/joy_communication-0.0.0-py3.10.egg-info
[0.645s] running install_scripts
[0.662s] Installing joy_publisher script to /home/tunotuno/robocon_ws/install/joy_communication/lib/joy_communication
[0.662s] Installing joy_subscriber script to /home/tunotuno/robocon_ws/install/joy_communication/lib/joy_communication
[0.662s] writing list of installed files to '/home/tunotuno/robocon_ws/build/joy_communication/install.log'
[0.682s] Invoked command in '/home/tunotuno/robocon_ws/src/joy_communication' returned '0': PYTHONPATH=/home/tunotuno/robocon_ws/build/joy_communication/prefix_override:/usr/lib/python3/dist-packages/colcon_core/task/python/colcon_distutils_commands:/home/tunotuno/robocon_ws/install/joy_communication/lib/python3.10/site-packages:${PYTHONPATH} /usr/bin/python3 -W ignore:setup.py install is deprecated -W ignore:easy_install command is deprecated setup.py egg_info --egg-base ../../build/joy_communication build --build-base /home/tunotuno/robocon_ws/build/joy_communication/build install --record /home/tunotuno/robocon_ws/build/joy_communication/install.log --single-version-externally-managed install_data
