running egg_info
writing ../../build/joy_communication/joy_communication.egg-info/PKG-INFO
writing dependency_links to ../../build/joy_communication/joy_communication.egg-info/dependency_links.txt
writing entry points to ../../build/joy_communication/joy_communication.egg-info/entry_points.txt
writing requirements to ../../build/joy_communication/joy_communication.egg-info/requires.txt
writing top-level names to ../../build/joy_communication/joy_communication.egg-info/top_level.txt
reading manifest file '../../build/joy_communication/joy_communication.egg-info/SOURCES.txt'
writing manifest file '../../build/joy_communication/joy_communication.egg-info/SOURCES.txt'
running build
running build_py
copying joy_communication/joy_subscriber.py -> /home/tunotuno/robocon_ws/build/joy_communication/build/lib/joy_communication
running install
running install_lib
copying /home/tunotuno/robocon_ws/build/joy_communication/build/lib/joy_communication/joy_subscriber.py -> /home/tunotuno/robocon_ws/install/joy_communication/lib/python3.10/site-packages/joy_communication
byte-compiling /home/tunotuno/robocon_ws/install/joy_communication/lib/python3.10/site-packages/joy_communication/joy_subscriber.py to joy_subscriber.cpython-310.pyc
Sorry: IndentationError: expected an indented block after 'for' statement on line 37 (joy_subscriber.py, line 41)
running install_data
running install_egg_info
removing '/home/tunotuno/robocon_ws/install/joy_communication/lib/python3.10/site-packages/joy_communication-0.0.0-py3.10.egg-info' (and everything under it)
Copying ../../build/joy_communication/joy_communication.egg-info to /home/tunotuno/robocon_ws/install/joy_communication/lib/python3.10/site-packages/joy_communication-0.0.0-py3.10.egg-info
running install_scripts
Installing joy_publisher script to /home/tunotuno/robocon_ws/install/joy_communication/lib/joy_communication
Installing joy_subscriber script to /home/tunotuno/robocon_ws/install/joy_communication/lib/joy_communication
writing list of installed files to '/home/tunotuno/robocon_ws/build/joy_communication/install.log'
