[0.770s] Invoking command in '/home/tunotuno/robocon_ws/src/joy_communication': PYTHONPATH=/home/tunotuno/robocon_ws/build/joy_communication/prefix_override:/usr/lib/python3/dist-packages/colcon_core/task/python/colcon_distutils_commands:/home/tunotuno/robocon_ws/install/joy_communication/lib/python3.10/site-packages:${PYTHONPATH} /usr/bin/python3 -W ignore:setup.py install is deprecated -W ignore:easy_install command is deprecated setup.py egg_info --egg-base ../../build/joy_communication build --build-base /home/tunotuno/robocon_ws/build/joy_communication/build install --record /home/tunotuno/robocon_ws/build/joy_communication/install.log --single-version-externally-managed install_data
[1.045s] running egg_info
[1.047s] writing ../../build/joy_communication/joy_communication.egg-info/PKG-INFO
[1.048s] writing dependency_links to ../../build/joy_communication/joy_communication.egg-info/dependency_links.txt
[1.048s] writing entry points to ../../build/joy_communication/joy_communication.egg-info/entry_points.txt
[1.048s] writing requirements to ../../build/joy_communication/joy_communication.egg-info/requires.txt
[1.049s] writing top-level names to ../../build/joy_communication/joy_communication.egg-info/top_level.txt
[1.054s] reading manifest file '../../build/joy_communication/joy_communication.egg-info/SOURCES.txt'
[1.054s] writing manifest file '../../build/joy_communication/joy_communication.egg-info/SOURCES.txt'
[1.054s] running build
[1.054s] running build_py
[1.054s] copying joy_communication/joy_subscriber.py -> /home/tunotuno/robocon_ws/build/joy_communication/build/lib/joy_communication
[1.054s] running install
[1.055s] running install_lib
[1.056s] copying /home/tunotuno/robocon_ws/build/joy_communication/build/lib/joy_communication/joy_subscriber.py -> /home/tunotuno/robocon_ws/install/joy_communication/lib/python3.10/site-packages/joy_communication
[1.057s] byte-compiling /home/tunotuno/robocon_ws/install/joy_communication/lib/python3.10/site-packages/joy_communication/joy_subscriber.py to joy_subscriber.cpython-310.pyc
[1.057s]   File "/home/tunotuno/robocon_ws/install/joy_communication/lib/python3.10/site-packages/joy_communication/joy_subscriber.py", line 23
[1.057s]     can_data = [!] + axes_data + buttons_data  # ASCII value of '!' is 33
[1.058s]                 ^
[1.058s] SyntaxError: invalid syntax
[1.058s] 
[1.058s] running install_data
[1.058s] running install_egg_info
[1.060s] removing '/home/tunotuno/robocon_ws/install/joy_communication/lib/python3.10/site-packages/joy_communication-0.0.0-py3.10.egg-info' (and everything under it)
[1.060s] Copying ../../build/joy_communication/joy_communication.egg-info to /home/tunotuno/robocon_ws/install/joy_communication/lib/python3.10/site-packages/joy_communication-0.0.0-py3.10.egg-info
[1.061s] running install_scripts
[1.089s] Installing joy_publisher script to /home/tunotuno/robocon_ws/install/joy_communication/lib/joy_communication
[1.089s] Installing joy_subscriber script to /home/tunotuno/robocon_ws/install/joy_communication/lib/joy_communication
[1.089s] writing list of installed files to '/home/tunotuno/robocon_ws/build/joy_communication/install.log'
[1.130s] Invoked command in '/home/tunotuno/robocon_ws/src/joy_communication' returned '0': PYTHONPATH=/home/tunotuno/robocon_ws/build/joy_communication/prefix_override:/usr/lib/python3/dist-packages/colcon_core/task/python/colcon_distutils_commands:/home/tunotuno/robocon_ws/install/joy_communication/lib/python3.10/site-packages:${PYTHONPATH} /usr/bin/python3 -W ignore:setup.py install is deprecated -W ignore:easy_install command is deprecated setup.py egg_info --egg-base ../../build/joy_communication build --build-base /home/tunotuno/robocon_ws/build/joy_communication/build install --record /home/tunotuno/robocon_ws/build/joy_communication/install.log --single-version-externally-managed install_data
