[0.684s] DEBUG:colcon:Command line arguments: ['/usr/bin/colcon', 'build']
[0.684s] DEBUG:colcon:Parsed command line arguments: Namespace(log_base=None, log_level=None, verb_name='build', build_base='build', install_base='install', merge_install=False, symlink_install=False, test_result_base=None, continue_on_error=False, executor='parallel', parallel_workers=7, event_handlers=None, ignore_user_meta=False, metas=['./colcon.meta'], base_paths=['.'], packages_ignore=None, packages_ignore_regex=None, paths=None, packages_up_to=None, packages_up_to_regex=None, packages_above=None, packages_above_and_dependencies=None, packages_above_depth=None, packages_select_by_dep=None, packages_skip_by_dep=None, packages_skip_up_to=None, packages_select_build_failed=False, packages_skip_build_finished=False, packages_select_test_failures=False, packages_skip_test_passed=False, packages_select=None, packages_skip=None, packages_select_regex=None, packages_skip_regex=None, packages_start=None, packages_end=None, allow_overriding=[], cmake_args=None, cmake_target=None, cmake_target_skip_unavailable=False, cmake_clean_cache=False, cmake_clean_first=False, cmake_force_configure=False, ament_cmake_args=None, catkin_cmake_args=None, catkin_skip_building_tests=False, verb_parser=<colcon_defaults.argument_parser.defaults.DefaultArgumentsDecorator object at 0x70bb28b08400>, verb_extension=<colcon_core.verb.build.BuildVerb object at 0x70bb28acfeb0>, main=<bound method BuildVerb.main of <colcon_core.verb.build.BuildVerb object at 0x70bb28acfeb0>>)
[1.337s] Level 1:colcon.colcon_core.package_discovery:discover_packages(colcon_meta) check parameters
[1.338s] Level 1:colcon.colcon_core.package_discovery:discover_packages(recursive) check parameters
[1.338s] Level 1:colcon.colcon_core.package_discovery:discover_packages(ignore) check parameters
[1.338s] Level 1:colcon.colcon_core.package_discovery:discover_packages(path) check parameters
[1.338s] Level 1:colcon.colcon_core.package_discovery:discover_packages(colcon_meta) discover
[1.338s] Level 1:colcon.colcon_core.package_discovery:discover_packages(recursive) discover
[1.338s] INFO:colcon.colcon_core.package_discovery:Crawling recursively for packages in '/home/tunotuno/robocon_ws'
[1.338s] Level 1:colcon.colcon_core.package_identification:_identify(.) by extensions ['ignore', 'ignore_ament_install']
[1.338s] Level 1:colcon.colcon_core.package_identification:_identify(.) by extension 'ignore'
[1.338s] Level 1:colcon.colcon_core.package_identification:_identify(.) by extension 'ignore_ament_install'
[1.338s] Level 1:colcon.colcon_core.package_identification:_identify(.) by extensions ['colcon_pkg']
[1.339s] Level 1:colcon.colcon_core.package_identification:_identify(.) by extension 'colcon_pkg'
[1.339s] Level 1:colcon.colcon_core.package_identification:_identify(.) by extensions ['colcon_meta']
[1.339s] Level 1:colcon.colcon_core.package_identification:_identify(.) by extension 'colcon_meta'
[1.339s] Level 1:colcon.colcon_core.package_identification:_identify(.) by extensions ['ros']
[1.339s] Level 1:colcon.colcon_core.package_identification:_identify(.) by extension 'ros'
[1.361s] Level 1:colcon.colcon_core.package_identification:_identify(.) by extensions ['cmake', 'python']
[1.361s] Level 1:colcon.colcon_core.package_identification:_identify(.) by extension 'cmake'
[1.361s] Level 1:colcon.colcon_core.package_identification:_identify(.) by extension 'python'
[1.361s] Level 1:colcon.colcon_core.package_identification:_identify(.) by extensions ['python_setup_py']
[1.361s] Level 1:colcon.colcon_core.package_identification:_identify(.) by extension 'python_setup_py'
[1.361s] Level 1:colcon.colcon_core.package_identification:_identify(build) by extensions ['ignore', 'ignore_ament_install']
[1.362s] Level 1:colcon.colcon_core.package_identification:_identify(build) by extension 'ignore'
[1.362s] Level 1:colcon.colcon_core.package_identification:_identify(build) ignored
[1.362s] Level 1:colcon.colcon_core.package_identification:_identify(install) by extensions ['ignore', 'ignore_ament_install']
[1.362s] Level 1:colcon.colcon_core.package_identification:_identify(install) by extension 'ignore'
[1.362s] Level 1:colcon.colcon_core.package_identification:_identify(install) ignored
[1.362s] Level 1:colcon.colcon_core.package_identification:_identify(log) by extensions ['ignore', 'ignore_ament_install']
[1.362s] Level 1:colcon.colcon_core.package_identification:_identify(log) by extension 'ignore'
[1.363s] Level 1:colcon.colcon_core.package_identification:_identify(log) ignored
[1.363s] Level 1:colcon.colcon_core.package_identification:_identify(src) by extensions ['ignore', 'ignore_ament_install']
[1.363s] Level 1:colcon.colcon_core.package_identification:_identify(src) by extension 'ignore'
[1.363s] Level 1:colcon.colcon_core.package_identification:_identify(src) by extension 'ignore_ament_install'
[1.363s] Level 1:colcon.colcon_core.package_identification:_identify(src) by extensions ['colcon_pkg']
[1.363s] Level 1:colcon.colcon_core.package_identification:_identify(src) by extension 'colcon_pkg'
[1.363s] Level 1:colcon.colcon_core.package_identification:_identify(src) by extensions ['colcon_meta']
[1.363s] Level 1:colcon.colcon_core.package_identification:_identify(src) by extension 'colcon_meta'
[1.363s] Level 1:colcon.colcon_core.package_identification:_identify(src) by extensions ['ros']
[1.363s] Level 1:colcon.colcon_core.package_identification:_identify(src) by extension 'ros'
[1.363s] Level 1:colcon.colcon_core.package_identification:_identify(src) by extensions ['cmake', 'python']
[1.363s] Level 1:colcon.colcon_core.package_identification:_identify(src) by extension 'cmake'
[1.363s] Level 1:colcon.colcon_core.package_identification:_identify(src) by extension 'python'
[1.364s] Level 1:colcon.colcon_core.package_identification:_identify(src) by extensions ['python_setup_py']
[1.364s] Level 1:colcon.colcon_core.package_identification:_identify(src) by extension 'python_setup_py'
[1.365s] Level 1:colcon.colcon_core.package_identification:_identify(src/build) by extensions ['ignore', 'ignore_ament_install']
[1.365s] Level 1:colcon.colcon_core.package_identification:_identify(src/build) by extension 'ignore'
[1.365s] Level 1:colcon.colcon_core.package_identification:_identify(src/build) ignored
[1.366s] Level 1:colcon.colcon_core.package_identification:_identify(src/install) by extensions ['ignore', 'ignore_ament_install']
[1.366s] Level 1:colcon.colcon_core.package_identification:_identify(src/install) by extension 'ignore'
[1.366s] Level 1:colcon.colcon_core.package_identification:_identify(src/install) ignored
[1.366s] Level 1:colcon.colcon_core.package_identification:_identify(src/joy_communication) by extensions ['ignore', 'ignore_ament_install']
[1.367s] Level 1:colcon.colcon_core.package_identification:_identify(src/joy_communication) by extension 'ignore'
[1.367s] Level 1:colcon.colcon_core.package_identification:_identify(src/joy_communication) by extension 'ignore_ament_install'
[1.367s] Level 1:colcon.colcon_core.package_identification:_identify(src/joy_communication) by extensions ['colcon_pkg']
[1.367s] Level 1:colcon.colcon_core.package_identification:_identify(src/joy_communication) by extension 'colcon_pkg'
[1.367s] Level 1:colcon.colcon_core.package_identification:_identify(src/joy_communication) by extensions ['colcon_meta']
[1.367s] Level 1:colcon.colcon_core.package_identification:_identify(src/joy_communication) by extension 'colcon_meta'
[1.367s] Level 1:colcon.colcon_core.package_identification:_identify(src/joy_communication) by extensions ['ros']
[1.367s] Level 1:colcon.colcon_core.package_identification:_identify(src/joy_communication) by extension 'ros'
[1.374s] DEBUG:colcon.colcon_core.package_identification:Package 'src/joy_communication' with type 'ros.ament_python' and name 'joy_communication'
[1.375s] Level 1:colcon.colcon_core.package_identification:_identify(src/log) by extensions ['ignore', 'ignore_ament_install']
[1.376s] Level 1:colcon.colcon_core.package_identification:_identify(src/log) by extension 'ignore'
[1.376s] Level 1:colcon.colcon_core.package_identification:_identify(src/log) ignored
[1.376s] Level 1:colcon.colcon_core.package_discovery:discover_packages(recursive) using defaults
[1.376s] Level 1:colcon.colcon_core.package_discovery:discover_packages(ignore) discover
[1.376s] Level 1:colcon.colcon_core.package_discovery:discover_packages(ignore) using defaults
[1.376s] Level 1:colcon.colcon_core.package_discovery:discover_packages(path) discover
[1.376s] Level 1:colcon.colcon_core.package_discovery:discover_packages(path) using defaults
[1.440s] Level 1:colcon.colcon_core.package_discovery:discover_packages(prefix_path) check parameters
[1.440s] Level 1:colcon.colcon_core.package_discovery:discover_packages(prefix_path) discover
[1.448s] DEBUG:colcon.colcon_installed_package_information.package_discovery:Found 278 installed packages in /opt/ros/humble
[1.451s] Level 1:colcon.colcon_core.package_discovery:discover_packages(prefix_path) using defaults
[1.616s] Level 5:colcon.colcon_core.verb:set package 'joy_communication' build argument 'cmake_args' from command line to 'None'
[1.616s] Level 5:colcon.colcon_core.verb:set package 'joy_communication' build argument 'cmake_target' from command line to 'None'
[1.616s] Level 5:colcon.colcon_core.verb:set package 'joy_communication' build argument 'cmake_target_skip_unavailable' from command line to 'False'
[1.616s] Level 5:colcon.colcon_core.verb:set package 'joy_communication' build argument 'cmake_clean_cache' from command line to 'False'
[1.616s] Level 5:colcon.colcon_core.verb:set package 'joy_communication' build argument 'cmake_clean_first' from command line to 'False'
[1.616s] Level 5:colcon.colcon_core.verb:set package 'joy_communication' build argument 'cmake_force_configure' from command line to 'False'
[1.616s] Level 5:colcon.colcon_core.verb:set package 'joy_communication' build argument 'ament_cmake_args' from command line to 'None'
[1.616s] Level 5:colcon.colcon_core.verb:set package 'joy_communication' build argument 'catkin_cmake_args' from command line to 'None'
[1.616s] Level 5:colcon.colcon_core.verb:set package 'joy_communication' build argument 'catkin_skip_building_tests' from command line to 'False'
[1.616s] DEBUG:colcon.colcon_core.verb:Building package 'joy_communication' with the following arguments: {'ament_cmake_args': None, 'build_base': '/home/tunotuno/robocon_ws/build/joy_communication', 'catkin_cmake_args': None, 'catkin_skip_building_tests': False, 'cmake_args': None, 'cmake_clean_cache': False, 'cmake_clean_first': False, 'cmake_force_configure': False, 'cmake_target': None, 'cmake_target_skip_unavailable': False, 'install_base': '/home/tunotuno/robocon_ws/install/joy_communication', 'merge_install': False, 'path': '/home/tunotuno/robocon_ws/src/joy_communication', 'symlink_install': False, 'test_result_base': None}
[1.617s] INFO:colcon.colcon_core.executor:Executing jobs using 'parallel' executor
[1.619s] DEBUG:colcon.colcon_parallel_executor.executor.parallel:run_until_complete
[1.619s] INFO:colcon.colcon_ros.task.ament_python.build:Building ROS package in '/home/tunotuno/robocon_ws/src/joy_communication' with build type 'ament_python'
[1.619s] Level 1:colcon.colcon_core.shell:create_environment_hook('joy_communication', 'ament_prefix_path')
[1.689s] INFO:colcon.colcon_core.plugin_system:Skipping extension 'colcon_core.shell.bat': Not used on non-Windows systems
[1.689s] INFO:colcon.colcon_core.shell:Creating environment hook '/home/tunotuno/robocon_ws/install/joy_communication/share/joy_communication/hook/ament_prefix_path.ps1'
[1.692s] INFO:colcon.colcon_core.shell:Creating environment descriptor '/home/tunotuno/robocon_ws/install/joy_communication/share/joy_communication/hook/ament_prefix_path.dsv'
[1.694s] INFO:colcon.colcon_core.shell:Creating environment hook '/home/tunotuno/robocon_ws/install/joy_communication/share/joy_communication/hook/ament_prefix_path.sh'
[1.696s] INFO:colcon.colcon_core.shell:Skip shell extension 'powershell' for command environment: Not usable outside of PowerShell
[1.696s] DEBUG:colcon.colcon_core.shell:Skip shell extension 'dsv' for command environment
[2.277s] INFO:colcon.colcon_core.task.python.build:Building Python package in '/home/tunotuno/robocon_ws/src/joy_communication'
[2.277s] INFO:colcon.colcon_core.shell:Skip shell extension 'powershell' for command environment: Not usable outside of PowerShell
[2.277s] DEBUG:colcon.colcon_core.shell:Skip shell extension 'dsv' for command environment
[3.256s] DEBUG:colcon.colcon_core.event_handler.log_command:Invoking command in '/home/tunotuno/robocon_ws/src/joy_communication': PYTHONPATH=/home/tunotuno/robocon_ws/build/joy_communication/prefix_override:/usr/lib/python3/dist-packages/colcon_core/task/python/colcon_distutils_commands:/home/tunotuno/robocon_ws/install/joy_communication/lib/python3.10/site-packages:${PYTHONPATH} /usr/bin/python3 -W ignore:setup.py install is deprecated -W ignore:easy_install command is deprecated setup.py egg_info --egg-base ../../build/joy_communication build --build-base /home/tunotuno/robocon_ws/build/joy_communication/build install --record /home/tunotuno/robocon_ws/build/joy_communication/install.log --single-version-externally-managed install_data
[3.977s] DEBUG:colcon.colcon_core.event_handler.log_command:Invoked command in '/home/tunotuno/robocon_ws/src/joy_communication' returned '0': PYTHONPATH=/home/tunotuno/robocon_ws/build/joy_communication/prefix_override:/usr/lib/python3/dist-packages/colcon_core/task/python/colcon_distutils_commands:/home/tunotuno/robocon_ws/install/joy_communication/lib/python3.10/site-packages:${PYTHONPATH} /usr/bin/python3 -W ignore:setup.py install is deprecated -W ignore:easy_install command is deprecated setup.py egg_info --egg-base ../../build/joy_communication build --build-base /home/tunotuno/robocon_ws/build/joy_communication/build install --record /home/tunotuno/robocon_ws/build/joy_communication/install.log --single-version-externally-managed install_data
[4.053s] Level 1:colcon.colcon_core.environment:checking '/home/tunotuno/robocon_ws/install/joy_communication' for CMake module files
[4.055s] Level 1:colcon.colcon_core.environment:checking '/home/tunotuno/robocon_ws/install/joy_communication' for CMake config files
[4.056s] Level 1:colcon.colcon_core.environment:checking '/home/tunotuno/robocon_ws/install/joy_communication/lib'
[4.056s] Level 1:colcon.colcon_core.environment:checking '/home/tunotuno/robocon_ws/install/joy_communication/bin'
[4.056s] Level 1:colcon.colcon_core.environment:checking '/home/tunotuno/robocon_ws/install/joy_communication/lib/pkgconfig/joy_communication.pc'
[4.057s] Level 1:colcon.colcon_core.environment:checking '/home/tunotuno/robocon_ws/install/joy_communication/lib/python3.10/site-packages'
[4.057s] Level 1:colcon.colcon_core.shell:create_environment_hook('joy_communication', 'pythonpath')
[4.057s] INFO:colcon.colcon_core.shell:Creating environment hook '/home/tunotuno/robocon_ws/install/joy_communication/share/joy_communication/hook/pythonpath.ps1'
[4.058s] INFO:colcon.colcon_core.shell:Creating environment descriptor '/home/tunotuno/robocon_ws/install/joy_communication/share/joy_communication/hook/pythonpath.dsv'
[4.059s] INFO:colcon.colcon_core.shell:Creating environment hook '/home/tunotuno/robocon_ws/install/joy_communication/share/joy_communication/hook/pythonpath.sh'
[4.060s] Level 1:colcon.colcon_core.environment:checking '/home/tunotuno/robocon_ws/install/joy_communication/bin'
[4.060s] Level 1:colcon.colcon_core.environment:create_environment_scripts_only(joy_communication)
[4.061s] INFO:colcon.colcon_core.shell:Creating package script '/home/tunotuno/robocon_ws/install/joy_communication/share/joy_communication/package.ps1'
[4.063s] INFO:colcon.colcon_core.shell:Creating package descriptor '/home/tunotuno/robocon_ws/install/joy_communication/share/joy_communication/package.dsv'
[4.065s] INFO:colcon.colcon_core.shell:Creating package script '/home/tunotuno/robocon_ws/install/joy_communication/share/joy_communication/package.sh'
[4.067s] INFO:colcon.colcon_core.shell:Creating package script '/home/tunotuno/robocon_ws/install/joy_communication/share/joy_communication/package.bash'
[4.070s] INFO:colcon.colcon_core.shell:Creating package script '/home/tunotuno/robocon_ws/install/joy_communication/share/joy_communication/package.zsh'
[4.073s] Level 1:colcon.colcon_core.environment:create_file_with_runtime_dependencies(/home/tunotuno/robocon_ws/install/joy_communication/share/colcon-core/packages/joy_communication)
[4.074s] DEBUG:colcon.colcon_parallel_executor.executor.parallel:closing loop
[4.074s] DEBUG:colcon.colcon_parallel_executor.executor.parallel:loop closed
[4.075s] DEBUG:colcon.colcon_parallel_executor.executor.parallel:run_until_complete finished with '0'
[4.075s] DEBUG:colcon.colcon_core.event_reactor:joining thread
[4.086s] INFO:colcon.colcon_core.plugin_system:Skipping extension 'colcon_notification.desktop_notification.terminal_notifier': Not used on non-Darwin systems
[4.086s] INFO:colcon.colcon_core.plugin_system:Skipping extension 'colcon_notification.desktop_notification.win32': Not used on non-Windows systems
[4.086s] INFO:colcon.colcon_notification.desktop_notification:Sending desktop notification using 'notify2'
[4.127s] DEBUG:colcon.colcon_core.event_reactor:joined thread
[4.128s] INFO:colcon.colcon_core.shell:Creating prefix script '/home/tunotuno/robocon_ws/install/local_setup.ps1'
[4.184s] INFO:colcon.colcon_core.shell:Creating prefix util module '/home/tunotuno/robocon_ws/install/_local_setup_util_ps1.py'
[4.189s] INFO:colcon.colcon_core.shell:Creating prefix chain script '/home/tunotuno/robocon_ws/install/setup.ps1'
[4.195s] INFO:colcon.colcon_core.shell:Creating prefix script '/home/tunotuno/robocon_ws/install/local_setup.sh'
[4.198s] INFO:colcon.colcon_core.shell:Creating prefix util module '/home/tunotuno/robocon_ws/install/_local_setup_util_sh.py'
[4.199s] INFO:colcon.colcon_core.shell:Creating prefix chain script '/home/tunotuno/robocon_ws/install/setup.sh'
[4.203s] INFO:colcon.colcon_core.shell:Creating prefix script '/home/tunotuno/robocon_ws/install/local_setup.bash'
[4.205s] INFO:colcon.colcon_core.shell:Creating prefix chain script '/home/tunotuno/robocon_ws/install/setup.bash'
[4.208s] INFO:colcon.colcon_core.shell:Creating prefix script '/home/tunotuno/robocon_ws/install/local_setup.zsh'
[4.211s] INFO:colcon.colcon_core.shell:Creating prefix chain script '/home/tunotuno/robocon_ws/install/setup.zsh'
