[1.385s] Invoking command in '/home/tunotuno/robocon_ws/src/joy_communication': PYTHONPATH=/home/tunotuno/robocon_ws/build/joy_communication/prefix_override:/usr/lib/python3/dist-packages/colcon_core/task/python/colcon_distutils_commands:/home/tunotuno/robocon_ws/install/joy_communication/lib/python3.10/site-packages:${PYTHONPATH} /usr/bin/python3 -W ignore:setup.py install is deprecated -W ignore:easy_install command is deprecated setup.py egg_info --egg-base ../../build/joy_communication build --build-base /home/tunotuno/robocon_ws/build/joy_communication/build install --record /home/tunotuno/robocon_ws/build/joy_communication/install.log --single-version-externally-managed install_data
[1.935s] running egg_info
[1.936s] writing ../../build/joy_communication/joy_communication.egg-info/PKG-INFO
[1.937s] writing dependency_links to ../../build/joy_communication/joy_communication.egg-info/dependency_links.txt
[1.937s] writing entry points to ../../build/joy_communication/joy_communication.egg-info/entry_points.txt
[1.938s] writing requirements to ../../build/joy_communication/joy_communication.egg-info/requires.txt
[1.938s] writing top-level names to ../../build/joy_communication/joy_communication.egg-info/top_level.txt
[1.943s] reading manifest file '../../build/joy_communication/joy_communication.egg-info/SOURCES.txt'
[1.946s] writing manifest file '../../build/joy_communication/joy_communication.egg-info/SOURCES.txt'
[1.947s] running build
[1.947s] running build_py
[1.947s] running install
[1.948s] running install_lib
[1.951s] running install_data
[1.951s] running install_egg_info
[1.956s] removing '/home/tunotuno/robocon_ws/install/joy_communication/lib/python3.10/site-packages/joy_communication-0.0.0-py3.10.egg-info' (and everything under it)
[1.956s] Copying ../../build/joy_communication/joy_communication.egg-info to /home/tunotuno/robocon_ws/install/joy_communication/lib/python3.10/site-packages/joy_communication-0.0.0-py3.10.egg-info
[1.963s] running install_scripts
[2.011s] Installing joy_publisher script to /home/tunotuno/robocon_ws/install/joy_communication/lib/joy_communication
[2.014s] Installing joy_subscriber script to /home/tunotuno/robocon_ws/install/joy_communication/lib/joy_communication
[2.014s] writing list of installed files to '/home/tunotuno/robocon_ws/build/joy_communication/install.log'
[2.097s] Invoked command in '/home/tunotuno/robocon_ws/src/joy_communication' returned '0': PYTHONPATH=/home/tunotuno/robocon_ws/build/joy_communication/prefix_override:/usr/lib/python3/dist-packages/colcon_core/task/python/colcon_distutils_commands:/home/tunotuno/robocon_ws/install/joy_communication/lib/python3.10/site-packages:${PYTHONPATH} /usr/bin/python3 -W ignore:setup.py install is deprecated -W ignore:easy_install command is deprecated setup.py egg_info --egg-base ../../build/joy_communication build --build-base /home/tunotuno/robocon_ws/build/joy_communication/build install --record /home/tunotuno/robocon_ws/build/joy_communication/install.log --single-version-externally-managed install_data
