[0.202s] DEBUG:colcon:Command line arguments: ['/usr/bin/colcon', 'build']
[0.202s] DEBUG:colcon:Parsed command line arguments: Namespace(log_base=None, log_level=None, verb_name='build', build_base='build', install_base='install', merge_install=False, symlink_install=False, test_result_base=None, continue_on_error=False, executor='parallel', parallel_workers=7, event_handlers=None, ignore_user_meta=False, metas=['./colcon.meta'], base_paths=['.'], packages_ignore=None, packages_ignore_regex=None, paths=None, packages_up_to=None, packages_up_to_regex=None, packages_above=None, packages_above_and_dependencies=None, packages_above_depth=None, packages_select_by_dep=None, packages_skip_by_dep=None, packages_skip_up_to=None, packages_select_build_failed=False, packages_skip_build_finished=False, packages_select_test_failures=False, packages_skip_test_passed=False, packages_select=None, packages_skip=None, packages_select_regex=None, packages_skip_regex=None, packages_start=None, packages_end=None, allow_overriding=[], cmake_args=None, cmake_target=None, cmake_target_skip_unavailable=False, cmake_clean_cache=False, cmake_clean_first=False, cmake_force_configure=False, ament_cmake_args=None, catkin_cmake_args=None, catkin_skip_building_tests=False, verb_parser=<colcon_defaults.argument_parser.defaults.DefaultArgumentsDecorator object at 0x7eea2a9abdc0>, verb_extension=<colcon_core.verb.build.BuildVerb object at 0x7eea2a9ab8b0>, main=<bound method BuildVerb.main of <colcon_core.verb.build.BuildVerb object at 0x7eea2a9ab8b0>>)
[0.515s] Level 1:colcon.colcon_core.package_discovery:discover_packages(colcon_meta) check parameters
[0.516s] Level 1:colcon.colcon_core.package_discovery:discover_packages(recursive) check parameters
[0.516s] Level 1:colcon.colcon_core.package_discovery:discover_packages(ignore) check parameters
[0.516s] Level 1:colcon.colcon_core.package_discovery:discover_packages(path) check parameters
[0.516s] Level 1:colcon.colcon_core.package_discovery:discover_packages(colcon_meta) discover
[0.516s] Level 1:colcon.colcon_core.package_discovery:discover_packages(recursive) discover
[0.516s] INFO:colcon.colcon_core.package_discovery:Crawling recursively for packages in '/home/tunotuno/robocon_ws'
[0.516s] Level 1:colcon.colcon_core.package_identification:_identify(.) by extensions ['ignore', 'ignore_ament_install']
[0.516s] Level 1:colcon.colcon_core.package_identification:_identify(.) by extension 'ignore'
[0.516s] Level 1:colcon.colcon_core.package_identification:_identify(.) by extension 'ignore_ament_install'
[0.516s] Level 1:colcon.colcon_core.package_identification:_identify(.) by extensions ['colcon_pkg']
[0.517s] Level 1:colcon.colcon_core.package_identification:_identify(.) by extension 'colcon_pkg'
[0.517s] Level 1:colcon.colcon_core.package_identification:_identify(.) by extensions ['colcon_meta']
[0.517s] Level 1:colcon.colcon_core.package_identification:_identify(.) by extension 'colcon_meta'
[0.517s] Level 1:colcon.colcon_core.package_identification:_identify(.) by extensions ['ros']
[0.517s] Level 1:colcon.colcon_core.package_identification:_identify(.) by extension 'ros'
[0.539s] Level 1:colcon.colcon_core.package_identification:_identify(.) by extensions ['cmake', 'python']
[0.539s] Level 1:colcon.colcon_core.package_identification:_identify(.) by extension 'cmake'
[0.539s] Level 1:colcon.colcon_core.package_identification:_identify(.) by extension 'python'
[0.539s] Level 1:colcon.colcon_core.package_identification:_identify(.) by extensions ['python_setup_py']
[0.539s] Level 1:colcon.colcon_core.package_identification:_identify(.) by extension 'python_setup_py'
[0.539s] Level 1:colcon.colcon_core.package_identification:_identify(build) by extensions ['ignore', 'ignore_ament_install']
[0.539s] Level 1:colcon.colcon_core.package_identification:_identify(build) by extension 'ignore'
[0.539s] Level 1:colcon.colcon_core.package_identification:_identify(build) ignored
[0.540s] Level 1:colcon.colcon_core.package_identification:_identify(install) by extensions ['ignore', 'ignore_ament_install']
[0.540s] Level 1:colcon.colcon_core.package_identification:_identify(install) by extension 'ignore'
[0.540s] Level 1:colcon.colcon_core.package_identification:_identify(install) ignored
[0.540s] Level 1:colcon.colcon_core.package_identification:_identify(log) by extensions ['ignore', 'ignore_ament_install']
[0.540s] Level 1:colcon.colcon_core.package_identification:_identify(log) by extension 'ignore'
[0.540s] Level 1:colcon.colcon_core.package_identification:_identify(log) ignored
[0.540s] Level 1:colcon.colcon_core.package_identification:_identify(src) by extensions ['ignore', 'ignore_ament_install']
[0.540s] Level 1:colcon.colcon_core.package_identification:_identify(src) by extension 'ignore'
[0.541s] Level 1:colcon.colcon_core.package_identification:_identify(src) by extension 'ignore_ament_install'
[0.541s] Level 1:colcon.colcon_core.package_identification:_identify(src) by extensions ['colcon_pkg']
[0.541s] Level 1:colcon.colcon_core.package_identification:_identify(src) by extension 'colcon_pkg'
[0.541s] Level 1:colcon.colcon_core.package_identification:_identify(src) by extensions ['colcon_meta']
[0.541s] Level 1:colcon.colcon_core.package_identification:_identify(src) by extension 'colcon_meta'
[0.541s] Level 1:colcon.colcon_core.package_identification:_identify(src) by extensions ['ros']
[0.541s] Level 1:colcon.colcon_core.package_identification:_identify(src) by extension 'ros'
[0.541s] Level 1:colcon.colcon_core.package_identification:_identify(src) by extensions ['cmake', 'python']
[0.541s] Level 1:colcon.colcon_core.package_identification:_identify(src) by extension 'cmake'
[0.541s] Level 1:colcon.colcon_core.package_identification:_identify(src) by extension 'python'
[0.541s] Level 1:colcon.colcon_core.package_identification:_identify(src) by extensions ['python_setup_py']
[0.541s] Level 1:colcon.colcon_core.package_identification:_identify(src) by extension 'python_setup_py'
[0.542s] Level 1:colcon.colcon_core.package_identification:_identify(src/build) by extensions ['ignore', 'ignore_ament_install']
[0.542s] Level 1:colcon.colcon_core.package_identification:_identify(src/build) by extension 'ignore'
[0.542s] Level 1:colcon.colcon_core.package_identification:_identify(src/build) ignored
[0.542s] Level 1:colcon.colcon_core.package_identification:_identify(src/install) by extensions ['ignore', 'ignore_ament_install']
[0.542s] Level 1:colcon.colcon_core.package_identification:_identify(src/install) by extension 'ignore'
[0.542s] Level 1:colcon.colcon_core.package_identification:_identify(src/install) ignored
[0.542s] Level 1:colcon.colcon_core.package_identification:_identify(src/joy_communication) by extensions ['ignore', 'ignore_ament_install']
[0.542s] Level 1:colcon.colcon_core.package_identification:_identify(src/joy_communication) by extension 'ignore'
[0.543s] Level 1:colcon.colcon_core.package_identification:_identify(src/joy_communication) by extension 'ignore_ament_install'
[0.543s] Level 1:colcon.colcon_core.package_identification:_identify(src/joy_communication) by extensions ['colcon_pkg']
[0.543s] Level 1:colcon.colcon_core.package_identification:_identify(src/joy_communication) by extension 'colcon_pkg'
[0.543s] Level 1:colcon.colcon_core.package_identification:_identify(src/joy_communication) by extensions ['colcon_meta']
[0.543s] Level 1:colcon.colcon_core.package_identification:_identify(src/joy_communication) by extension 'colcon_meta'
[0.543s] Level 1:colcon.colcon_core.package_identification:_identify(src/joy_communication) by extensions ['ros']
[0.543s] Level 1:colcon.colcon_core.package_identification:_identify(src/joy_communication) by extension 'ros'
[0.548s] DEBUG:colcon.colcon_core.package_identification:Package 'src/joy_communication' with type 'ros.ament_python' and name 'joy_communication'
[0.548s] Level 1:colcon.colcon_core.package_identification:_identify(src/joy_package) by extensions ['ignore', 'ignore_ament_install']
[0.548s] Level 1:colcon.colcon_core.package_identification:_identify(src/joy_package) by extension 'ignore'
[0.548s] Level 1:colcon.colcon_core.package_identification:_identify(src/joy_package) by extension 'ignore_ament_install'
[0.548s] Level 1:colcon.colcon_core.package_identification:_identify(src/joy_package) by extensions ['colcon_pkg']
[0.548s] Level 1:colcon.colcon_core.package_identification:_identify(src/joy_package) by extension 'colcon_pkg'
[0.549s] Level 1:colcon.colcon_core.package_identification:_identify(src/joy_package) by extensions ['colcon_meta']
[0.549s] Level 1:colcon.colcon_core.package_identification:_identify(src/joy_package) by extension 'colcon_meta'
[0.549s] Level 1:colcon.colcon_core.package_identification:_identify(src/joy_package) by extensions ['ros']
[0.549s] Level 1:colcon.colcon_core.package_identification:_identify(src/joy_package) by extension 'ros'
[0.550s] DEBUG:colcon.colcon_core.package_identification:Package 'src/joy_package' with type 'ros.ament_cmake' and name 'joy_package'
[0.550s] Level 1:colcon.colcon_core.package_identification:_identify(src/log) by extensions ['ignore', 'ignore_ament_install']
[0.550s] Level 1:colcon.colcon_core.package_identification:_identify(src/log) by extension 'ignore'
[0.550s] Level 1:colcon.colcon_core.package_identification:_identify(src/log) ignored
[0.550s] Level 1:colcon.colcon_core.package_discovery:discover_packages(recursive) using defaults
[0.551s] Level 1:colcon.colcon_core.package_discovery:discover_packages(ignore) discover
[0.551s] Level 1:colcon.colcon_core.package_discovery:discover_packages(ignore) using defaults
[0.551s] Level 1:colcon.colcon_core.package_discovery:discover_packages(path) discover
[0.551s] Level 1:colcon.colcon_core.package_discovery:discover_packages(path) using defaults
[0.587s] Level 1:colcon.colcon_core.package_discovery:discover_packages(prefix_path) check parameters
[0.587s] Level 1:colcon.colcon_core.package_discovery:discover_packages(prefix_path) discover
[0.591s] DEBUG:colcon.colcon_installed_package_information.package_discovery:Found 278 installed packages in /opt/ros/humble
[0.596s] Level 1:colcon.colcon_core.package_discovery:discover_packages(prefix_path) using defaults
[0.697s] Level 5:colcon.colcon_core.verb:set package 'joy_communication' build argument 'cmake_args' from command line to 'None'
[0.697s] Level 5:colcon.colcon_core.verb:set package 'joy_communication' build argument 'cmake_target' from command line to 'None'
[0.697s] Level 5:colcon.colcon_core.verb:set package 'joy_communication' build argument 'cmake_target_skip_unavailable' from command line to 'False'
[0.697s] Level 5:colcon.colcon_core.verb:set package 'joy_communication' build argument 'cmake_clean_cache' from command line to 'False'
[0.697s] Level 5:colcon.colcon_core.verb:set package 'joy_communication' build argument 'cmake_clean_first' from command line to 'False'
[0.697s] Level 5:colcon.colcon_core.verb:set package 'joy_communication' build argument 'cmake_force_configure' from command line to 'False'
[0.697s] Level 5:colcon.colcon_core.verb:set package 'joy_communication' build argument 'ament_cmake_args' from command line to 'None'
[0.697s] Level 5:colcon.colcon_core.verb:set package 'joy_communication' build argument 'catkin_cmake_args' from command line to 'None'
[0.697s] Level 5:colcon.colcon_core.verb:set package 'joy_communication' build argument 'catkin_skip_building_tests' from command line to 'False'
[0.697s] DEBUG:colcon.colcon_core.verb:Building package 'joy_communication' with the following arguments: {'ament_cmake_args': None, 'build_base': '/home/tunotuno/robocon_ws/build/joy_communication', 'catkin_cmake_args': None, 'catkin_skip_building_tests': False, 'cmake_args': None, 'cmake_clean_cache': False, 'cmake_clean_first': False, 'cmake_force_configure': False, 'cmake_target': None, 'cmake_target_skip_unavailable': False, 'install_base': '/home/tunotuno/robocon_ws/install/joy_communication', 'merge_install': False, 'path': '/home/tunotuno/robocon_ws/src/joy_communication', 'symlink_install': False, 'test_result_base': None}
[0.698s] Level 5:colcon.colcon_core.verb:set package 'joy_package' build argument 'cmake_args' from command line to 'None'
[0.698s] Level 5:colcon.colcon_core.verb:set package 'joy_package' build argument 'cmake_target' from command line to 'None'
[0.698s] Level 5:colcon.colcon_core.verb:set package 'joy_package' build argument 'cmake_target_skip_unavailable' from command line to 'False'
[0.698s] Level 5:colcon.colcon_core.verb:set package 'joy_package' build argument 'cmake_clean_cache' from command line to 'False'
[0.698s] Level 5:colcon.colcon_core.verb:set package 'joy_package' build argument 'cmake_clean_first' from command line to 'False'
[0.698s] Level 5:colcon.colcon_core.verb:set package 'joy_package' build argument 'cmake_force_configure' from command line to 'False'
[0.698s] Level 5:colcon.colcon_core.verb:set package 'joy_package' build argument 'ament_cmake_args' from command line to 'None'
[0.699s] Level 5:colcon.colcon_core.verb:set package 'joy_package' build argument 'catkin_cmake_args' from command line to 'None'
[0.699s] Level 5:colcon.colcon_core.verb:set package 'joy_package' build argument 'catkin_skip_building_tests' from command line to 'False'
[0.699s] DEBUG:colcon.colcon_core.verb:Building package 'joy_package' with the following arguments: {'ament_cmake_args': None, 'build_base': '/home/tunotuno/robocon_ws/build/joy_package', 'catkin_cmake_args': None, 'catkin_skip_building_tests': False, 'cmake_args': None, 'cmake_clean_cache': False, 'cmake_clean_first': False, 'cmake_force_configure': False, 'cmake_target': None, 'cmake_target_skip_unavailable': False, 'install_base': '/home/tunotuno/robocon_ws/install/joy_package', 'merge_install': False, 'path': '/home/tunotuno/robocon_ws/src/joy_package', 'symlink_install': False, 'test_result_base': None}
[0.699s] INFO:colcon.colcon_core.executor:Executing jobs using 'parallel' executor
[0.701s] DEBUG:colcon.colcon_parallel_executor.executor.parallel:run_until_complete
[0.701s] INFO:colcon.colcon_ros.task.ament_python.build:Building ROS package in '/home/tunotuno/robocon_ws/src/joy_communication' with build type 'ament_python'
[0.701s] Level 1:colcon.colcon_core.shell:create_environment_hook('joy_communication', 'ament_prefix_path')
[0.705s] INFO:colcon.colcon_core.plugin_system:Skipping extension 'colcon_core.shell.bat': Not used on non-Windows systems
[0.705s] INFO:colcon.colcon_core.shell:Creating environment hook '/home/tunotuno/robocon_ws/install/joy_communication/share/joy_communication/hook/ament_prefix_path.ps1'
[0.706s] INFO:colcon.colcon_core.shell:Creating environment descriptor '/home/tunotuno/robocon_ws/install/joy_communication/share/joy_communication/hook/ament_prefix_path.dsv'
[0.707s] INFO:colcon.colcon_core.shell:Creating environment hook '/home/tunotuno/robocon_ws/install/joy_communication/share/joy_communication/hook/ament_prefix_path.sh'
[0.709s] INFO:colcon.colcon_core.shell:Skip shell extension 'powershell' for command environment: Not usable outside of PowerShell
[0.709s] DEBUG:colcon.colcon_core.shell:Skip shell extension 'dsv' for command environment
[0.714s] INFO:colcon.colcon_ros.task.ament_cmake.build:Building ROS package in '/home/tunotuno/robocon_ws/src/joy_package' with build type 'ament_cmake'
[0.714s] INFO:colcon.colcon_cmake.task.cmake.build:Building CMake package in '/home/tunotuno/robocon_ws/src/joy_package'
[0.715s] INFO:colcon.colcon_core.shell:Skip shell extension 'powershell' for command environment: Not usable outside of PowerShell
[0.715s] DEBUG:colcon.colcon_core.shell:Skip shell extension 'dsv' for command environment
[1.217s] INFO:colcon.colcon_core.task.python.build:Building Python package in '/home/tunotuno/robocon_ws/src/joy_communication'
[1.218s] INFO:colcon.colcon_core.shell:Skip shell extension 'powershell' for command environment: Not usable outside of PowerShell
[1.218s] DEBUG:colcon.colcon_core.shell:Skip shell extension 'dsv' for command environment
[1.234s] DEBUG:colcon.colcon_core.event_handler.log_command:Invoking command in '/home/tunotuno/robocon_ws/build/joy_package': CMAKE_PREFIX_PATH=/opt/ros/humble /usr/bin/cmake /home/tunotuno/robocon_ws/src/joy_package -DCMAKE_INSTALL_PREFIX=/home/tunotuno/robocon_ws/install/joy_package
[1.877s] DEBUG:colcon.colcon_core.event_handler.log_command:Invoking command in '/home/tunotuno/robocon_ws/src/joy_communication': PYTHONPATH=/home/tunotuno/robocon_ws/build/joy_communication/prefix_override:/usr/lib/python3/dist-packages/colcon_core/task/python/colcon_distutils_commands:/home/tunotuno/robocon_ws/install/joy_communication/lib/python3.10/site-packages:${PYTHONPATH} /usr/bin/python3 -W ignore:setup.py install is deprecated -W ignore:easy_install command is deprecated setup.py egg_info --egg-base ../../build/joy_communication build --build-base /home/tunotuno/robocon_ws/build/joy_communication/build install --record /home/tunotuno/robocon_ws/build/joy_communication/install.log --single-version-externally-managed install_data
[2.441s] DEBUG:colcon.colcon_core.event_handler.log_command:Invoked command in '/home/tunotuno/robocon_ws/build/joy_package' returned '0': CMAKE_PREFIX_PATH=/opt/ros/humble /usr/bin/cmake /home/tunotuno/robocon_ws/src/joy_package -DCMAKE_INSTALL_PREFIX=/home/tunotuno/robocon_ws/install/joy_package
[2.442s] DEBUG:colcon.colcon_core.event_handler.log_command:Invoking command in '/home/tunotuno/robocon_ws/build/joy_package': CMAKE_PREFIX_PATH=/opt/ros/humble /usr/bin/cmake --build /home/tunotuno/robocon_ws/build/joy_package -- -j7 -l7
[2.457s] DEBUG:colcon.colcon_core.event_handler.log_command:Invoked command in '/home/tunotuno/robocon_ws/src/joy_communication' returned '0': PYTHONPATH=/home/tunotuno/robocon_ws/build/joy_communication/prefix_override:/usr/lib/python3/dist-packages/colcon_core/task/python/colcon_distutils_commands:/home/tunotuno/robocon_ws/install/joy_communication/lib/python3.10/site-packages:${PYTHONPATH} /usr/bin/python3 -W ignore:setup.py install is deprecated -W ignore:easy_install command is deprecated setup.py egg_info --egg-base ../../build/joy_communication build --build-base /home/tunotuno/robocon_ws/build/joy_communication/build install --record /home/tunotuno/robocon_ws/build/joy_communication/install.log --single-version-externally-managed install_data
[2.461s] Level 1:colcon.colcon_core.environment:checking '/home/tunotuno/robocon_ws/install/joy_communication' for CMake module files
[2.462s] Level 1:colcon.colcon_core.environment:checking '/home/tunotuno/robocon_ws/install/joy_communication' for CMake config files
[2.464s] Level 1:colcon.colcon_core.environment:checking '/home/tunotuno/robocon_ws/install/joy_communication/lib'
[2.464s] Level 1:colcon.colcon_core.environment:checking '/home/tunotuno/robocon_ws/install/joy_communication/bin'
[2.464s] Level 1:colcon.colcon_core.environment:checking '/home/tunotuno/robocon_ws/install/joy_communication/lib/pkgconfig/joy_communication.pc'
[2.465s] Level 1:colcon.colcon_core.environment:checking '/home/tunotuno/robocon_ws/install/joy_communication/lib/python3.10/site-packages'
[2.465s] Level 1:colcon.colcon_core.shell:create_environment_hook('joy_communication', 'pythonpath')
[2.466s] INFO:colcon.colcon_core.shell:Creating environment hook '/home/tunotuno/robocon_ws/install/joy_communication/share/joy_communication/hook/pythonpath.ps1'
[2.467s] INFO:colcon.colcon_core.shell:Creating environment descriptor '/home/tunotuno/robocon_ws/install/joy_communication/share/joy_communication/hook/pythonpath.dsv'
[2.468s] INFO:colcon.colcon_core.shell:Creating environment hook '/home/tunotuno/robocon_ws/install/joy_communication/share/joy_communication/hook/pythonpath.sh'
[2.469s] Level 1:colcon.colcon_core.environment:checking '/home/tunotuno/robocon_ws/install/joy_communication/bin'
[2.469s] Level 1:colcon.colcon_core.environment:create_environment_scripts_only(joy_communication)
[2.470s] INFO:colcon.colcon_core.shell:Creating package script '/home/tunotuno/robocon_ws/install/joy_communication/share/joy_communication/package.ps1'
[2.471s] INFO:colcon.colcon_core.shell:Creating package descriptor '/home/tunotuno/robocon_ws/install/joy_communication/share/joy_communication/package.dsv'
[2.472s] INFO:colcon.colcon_core.shell:Creating package script '/home/tunotuno/robocon_ws/install/joy_communication/share/joy_communication/package.sh'
[2.474s] INFO:colcon.colcon_core.shell:Creating package script '/home/tunotuno/robocon_ws/install/joy_communication/share/joy_communication/package.bash'
[2.476s] INFO:colcon.colcon_core.shell:Creating package script '/home/tunotuno/robocon_ws/install/joy_communication/share/joy_communication/package.zsh'
[2.477s] Level 1:colcon.colcon_core.environment:create_file_with_runtime_dependencies(/home/tunotuno/robocon_ws/install/joy_communication/share/colcon-core/packages/joy_communication)
[35.230s] DEBUG:colcon.colcon_core.event_handler.log_command:Invoked command in '/home/tunotuno/robocon_ws/build/joy_package' returned '2': CMAKE_PREFIX_PATH=/opt/ros/humble /usr/bin/cmake --build /home/tunotuno/robocon_ws/build/joy_package -- -j7 -l7
[35.234s] Level 1:colcon.colcon_core.environment:create_environment_scripts_only(joy_package)
[35.235s] Level 1:colcon.colcon_core.environment:checking '/home/tunotuno/robocon_ws/install/joy_package' for CMake module files
[35.235s] Level 1:colcon.colcon_core.environment:checking '/home/tunotuno/robocon_ws/install/joy_package' for CMake config files
[35.236s] Level 1:colcon.colcon_core.environment:checking '/home/tunotuno/robocon_ws/install/joy_package/bin'
[35.236s] Level 1:colcon.colcon_core.environment:checking '/home/tunotuno/robocon_ws/install/joy_package/lib/pkgconfig/joy_package.pc'
[35.236s] Level 1:colcon.colcon_core.environment:checking '/home/tunotuno/robocon_ws/install/joy_package/lib/python3.10/site-packages'
[35.237s] Level 1:colcon.colcon_core.environment:checking '/home/tunotuno/robocon_ws/install/joy_package/bin'
[35.237s] INFO:colcon.colcon_core.shell:Creating package script '/home/tunotuno/robocon_ws/install/joy_package/share/joy_package/package.ps1'
[35.254s] INFO:colcon.colcon_core.shell:Creating package descriptor '/home/tunotuno/robocon_ws/install/joy_package/share/joy_package/package.dsv'
[35.255s] INFO:colcon.colcon_core.shell:Creating package script '/home/tunotuno/robocon_ws/install/joy_package/share/joy_package/package.sh'
[35.256s] INFO:colcon.colcon_core.shell:Creating package script '/home/tunotuno/robocon_ws/install/joy_package/share/joy_package/package.bash'
[35.257s] INFO:colcon.colcon_core.shell:Creating package script '/home/tunotuno/robocon_ws/install/joy_package/share/joy_package/package.zsh'
[35.257s] Level 1:colcon.colcon_core.environment:create_file_with_runtime_dependencies(/home/tunotuno/robocon_ws/install/joy_package/share/colcon-core/packages/joy_package)
[35.269s] DEBUG:colcon.colcon_parallel_executor.executor.parallel:closing loop
[35.269s] DEBUG:colcon.colcon_parallel_executor.executor.parallel:loop closed
[35.269s] DEBUG:colcon.colcon_parallel_executor.executor.parallel:run_until_complete finished with '2'
[35.269s] DEBUG:colcon.colcon_core.event_reactor:joining thread
[35.280s] INFO:colcon.colcon_core.plugin_system:Skipping extension 'colcon_notification.desktop_notification.terminal_notifier': Not used on non-Darwin systems
[35.280s] INFO:colcon.colcon_core.plugin_system:Skipping extension 'colcon_notification.desktop_notification.win32': Not used on non-Windows systems
[35.280s] INFO:colcon.colcon_notification.desktop_notification:Sending desktop notification using 'notify2'
[35.312s] DEBUG:colcon.colcon_core.event_reactor:joined thread
[35.313s] INFO:colcon.colcon_core.shell:Creating prefix script '/home/tunotuno/robocon_ws/install/local_setup.ps1'
[35.315s] INFO:colcon.colcon_core.shell:Creating prefix util module '/home/tunotuno/robocon_ws/install/_local_setup_util_ps1.py'
[35.319s] INFO:colcon.colcon_core.shell:Creating prefix chain script '/home/tunotuno/robocon_ws/install/setup.ps1'
[35.321s] INFO:colcon.colcon_core.shell:Creating prefix script '/home/tunotuno/robocon_ws/install/local_setup.sh'
[35.323s] INFO:colcon.colcon_core.shell:Creating prefix util module '/home/tunotuno/robocon_ws/install/_local_setup_util_sh.py'
[35.324s] INFO:colcon.colcon_core.shell:Creating prefix chain script '/home/tunotuno/robocon_ws/install/setup.sh'
[35.325s] INFO:colcon.colcon_core.shell:Creating prefix script '/home/tunotuno/robocon_ws/install/local_setup.bash'
[35.326s] INFO:colcon.colcon_core.shell:Creating prefix chain script '/home/tunotuno/robocon_ws/install/setup.bash'
[35.328s] INFO:colcon.colcon_core.shell:Creating prefix script '/home/tunotuno/robocon_ws/install/local_setup.zsh'
[35.329s] INFO:colcon.colcon_core.shell:Creating prefix chain script '/home/tunotuno/robocon_ws/install/setup.zsh'
