[1.174s] Invoking command in '/home/tunotuno/robocon_ws/src/joy_communication': PYTHONPATH=/home/tunotuno/robocon_ws/build/joy_communication/prefix_override:/usr/lib/python3/dist-packages/colcon_core/task/python/colcon_distutils_commands:/home/tunotuno/robocon_ws/install/joy_communication/lib/python3.10/site-packages:${PYTHONPATH} /usr/bin/python3 -W ignore:setup.py install is deprecated -W ignore:easy_install command is deprecated setup.py egg_info --egg-base ../../build/joy_communication build --build-base /home/tunotuno/robocon_ws/build/joy_communication/build install --record /home/tunotuno/robocon_ws/build/joy_communication/install.log --single-version-externally-managed install_data
[1.643s] running egg_info
[1.644s] writing ../../build/joy_communication/joy_communication.egg-info/PKG-INFO
[1.644s] writing dependency_links to ../../build/joy_communication/joy_communication.egg-info/dependency_links.txt
[1.644s] writing entry points to ../../build/joy_communication/joy_communication.egg-info/entry_points.txt
[1.645s] writing requirements to ../../build/joy_communication/joy_communication.egg-info/requires.txt
[1.645s] writing top-level names to ../../build/joy_communication/joy_communication.egg-info/top_level.txt
[1.649s] reading manifest file '../../build/joy_communication/joy_communication.egg-info/SOURCES.txt'
[1.651s] writing manifest file '../../build/joy_communication/joy_communication.egg-info/SOURCES.txt'
[1.651s] running build
[1.651s] running build_py
[1.652s] running install
[1.653s] running install_lib
[1.655s] running install_data
[1.655s] running install_egg_info
[1.658s] removing '/home/tunotuno/robocon_ws/install/joy_communication/lib/python3.10/site-packages/joy_communication-0.0.0-py3.10.egg-info' (and everything under it)
[1.658s] Copying ../../build/joy_communication/joy_communication.egg-info to /home/tunotuno/robocon_ws/install/joy_communication/lib/python3.10/site-packages/joy_communication-0.0.0-py3.10.egg-info
[1.660s] running install_scripts
[1.699s] Installing joy_publisher script to /home/tunotuno/robocon_ws/install/joy_communication/lib/joy_communication
[1.699s] Installing joy_subscriber script to /home/tunotuno/robocon_ws/install/joy_communication/lib/joy_communication
[1.700s] writing list of installed files to '/home/tunotuno/robocon_ws/build/joy_communication/install.log'
[1.754s] Invoked command in '/home/tunotuno/robocon_ws/src/joy_communication' returned '0': PYTHONPATH=/home/tunotuno/robocon_ws/build/joy_communication/prefix_override:/usr/lib/python3/dist-packages/colcon_core/task/python/colcon_distutils_commands:/home/tunotuno/robocon_ws/install/joy_communication/lib/python3.10/site-packages:${PYTHONPATH} /usr/bin/python3 -W ignore:setup.py install is deprecated -W ignore:easy_install command is deprecated setup.py egg_info --egg-base ../../build/joy_communication build --build-base /home/tunotuno/robocon_ws/build/joy_communication/build install --record /home/tunotuno/robocon_ws/build/joy_communication/install.log --single-version-externally-managed install_data
