[1.636s] Invoking command in '/home/tunotuno/robocon_ws/src/joy_communication': PYTHONPATH=/home/tunotuno/robocon_ws/build/joy_communication/prefix_override:/usr/lib/python3/dist-packages/colcon_core/task/python/colcon_distutils_commands:/home/tunotuno/robocon_ws/install/joy_communication/lib/python3.10/site-packages:${PYTHONPATH} /usr/bin/python3 -W ignore:setup.py install is deprecated -W ignore:easy_install command is deprecated setup.py egg_info --egg-base ../../build/joy_communication build --build-base /home/tunotuno/robocon_ws/build/joy_communication/build install --record /home/tunotuno/robocon_ws/build/joy_communication/install.log --single-version-externally-managed install_data
[2.187s] running egg_info
[2.190s] writing ../../build/joy_communication/joy_communication.egg-info/PKG-INFO
[2.245s] writing dependency_links to ../../build/joy_communication/joy_communication.egg-info/dependency_links.txt
[2.245s] writing entry points to ../../build/joy_communication/joy_communication.egg-info/entry_points.txt
[2.245s] writing requirements to ../../build/joy_communication/joy_communication.egg-info/requires.txt
[2.246s] writing top-level names to ../../build/joy_communication/joy_communication.egg-info/top_level.txt
[2.250s] reading manifest file '../../build/joy_communication/joy_communication.egg-info/SOURCES.txt'
[2.253s] writing manifest file '../../build/joy_communication/joy_communication.egg-info/SOURCES.txt'
[2.253s] running build
[2.253s] running build_py
[2.255s] copying joy_communication/joy_subscriber.py -> /home/tunotuno/robocon_ws/build/joy_communication/build/lib/joy_communication
[2.256s] running install
[2.257s] running install_lib
[2.258s] copying /home/tunotuno/robocon_ws/build/joy_communication/build/lib/joy_communication/joy_subscriber.py -> /home/tunotuno/robocon_ws/install/joy_communication/lib/python3.10/site-packages/joy_communication
[2.260s] byte-compiling /home/tunotuno/robocon_ws/install/joy_communication/lib/python3.10/site-packages/joy_communication/joy_subscriber.py to joy_subscriber.cpython-310.pyc
[2.261s] running install_data
[2.263s] running install_egg_info
[2.266s] removing '/home/tunotuno/robocon_ws/install/joy_communication/lib/python3.10/site-packages/joy_communication-0.0.0-py3.10.egg-info' (and everything under it)
[2.267s] Copying ../../build/joy_communication/joy_communication.egg-info to /home/tunotuno/robocon_ws/install/joy_communication/lib/python3.10/site-packages/joy_communication-0.0.0-py3.10.egg-info
[2.269s] running install_scripts
[2.313s] Installing joy_publisher script to /home/tunotuno/robocon_ws/install/joy_communication/lib/joy_communication
[2.313s] Installing joy_subscriber script to /home/tunotuno/robocon_ws/install/joy_communication/lib/joy_communication
[2.314s] writing list of installed files to '/home/tunotuno/robocon_ws/build/joy_communication/install.log'
[2.357s] Invoked command in '/home/tunotuno/robocon_ws/src/joy_communication' returned '0': PYTHONPATH=/home/tunotuno/robocon_ws/build/joy_communication/prefix_override:/usr/lib/python3/dist-packages/colcon_core/task/python/colcon_distutils_commands:/home/tunotuno/robocon_ws/install/joy_communication/lib/python3.10/site-packages:${PYTHONPATH} /usr/bin/python3 -W ignore:setup.py install is deprecated -W ignore:easy_install command is deprecated setup.py egg_info --egg-base ../../build/joy_communication build --build-base /home/tunotuno/robocon_ws/build/joy_communication/build install --record /home/tunotuno/robocon_ws/build/joy_communication/install.log --single-version-externally-managed install_data
