[1.345s] Invoking command in '/home/tunotuno/robocon_ws/src/joy_communication': PYTHONPATH=/home/tunotuno/robocon_ws/build/joy_communication/prefix_override:/usr/lib/python3/dist-packages/colcon_core/task/python/colcon_distutils_commands:/home/tunotuno/robocon_ws/install/joy_communication/lib/python3.10/site-packages:${PYTHONPATH} /usr/bin/python3 -W ignore:setup.py install is deprecated -W ignore:easy_install command is deprecated setup.py egg_info --egg-base ../../build/joy_communication build --build-base /home/tunotuno/robocon_ws/build/joy_communication/build install --record /home/tunotuno/robocon_ws/build/joy_communication/install.log --single-version-externally-managed install_data
[1.864s] running egg_info
[1.865s] writing ../../build/joy_communication/joy_communication.egg-info/PKG-INFO
[1.866s] writing dependency_links to ../../build/joy_communication/joy_communication.egg-info/dependency_links.txt
[1.866s] writing entry points to ../../build/joy_communication/joy_communication.egg-info/entry_points.txt
[1.867s] writing requirements to ../../build/joy_communication/joy_communication.egg-info/requires.txt
[1.867s] writing top-level names to ../../build/joy_communication/joy_communication.egg-info/top_level.txt
[1.870s] reading manifest file '../../build/joy_communication/joy_communication.egg-info/SOURCES.txt'
[1.872s] writing manifest file '../../build/joy_communication/joy_communication.egg-info/SOURCES.txt'
[1.872s] running build
[1.873s] running build_py
[1.873s] running install
[1.874s] running install_lib
[1.876s] running install_data
[1.877s] running install_egg_info
[1.881s] removing '/home/tunotuno/robocon_ws/install/joy_communication/lib/python3.10/site-packages/joy_communication-0.0.0-py3.10.egg-info' (and everything under it)
[1.882s] Copying ../../build/joy_communication/joy_communication.egg-info to /home/tunotuno/robocon_ws/install/joy_communication/lib/python3.10/site-packages/joy_communication-0.0.0-py3.10.egg-info
[1.883s] running install_scripts
[1.927s] Installing joy_publisher script to /home/tunotuno/robocon_ws/install/joy_communication/lib/joy_communication
[1.927s] Installing joy_subscriber script to /home/tunotuno/robocon_ws/install/joy_communication/lib/joy_communication
[1.928s] writing list of installed files to '/home/tunotuno/robocon_ws/build/joy_communication/install.log'
[1.987s] Invoked command in '/home/tunotuno/robocon_ws/src/joy_communication' returned '0': PYTHONPATH=/home/tunotuno/robocon_ws/build/joy_communication/prefix_override:/usr/lib/python3/dist-packages/colcon_core/task/python/colcon_distutils_commands:/home/tunotuno/robocon_ws/install/joy_communication/lib/python3.10/site-packages:${PYTHONPATH} /usr/bin/python3 -W ignore:setup.py install is deprecated -W ignore:easy_install command is deprecated setup.py egg_info --egg-base ../../build/joy_communication build --build-base /home/tunotuno/robocon_ws/build/joy_communication/build install --record /home/tunotuno/robocon_ws/build/joy_communication/install.log --single-version-externally-managed install_data
